e:\source\libodb\libodb-2.3.0\odb\x64\release\vc120.pdb
e:\source\libodb\libodb-2.3.0\odb\x64\release\transaction.obj
e:\source\libodb\libodb-2.3.0\odb\x64\release\tracer.obj
e:\source\libodb\libodb-2.3.0\odb\x64\release\statement-processing.obj
e:\source\libodb\libodb-2.3.0\odb\x64\release\statement.obj
e:\source\libodb\libodb-2.3.0\odb\x64\release\session.obj
e:\source\libodb\libodb-2.3.0\odb\x64\release\section.obj
e:\source\libodb\libodb-2.3.0\odb\x64\release\schema-catalog.obj
e:\source\libodb\libodb-2.3.0\odb\x64\release\result.obj
e:\source\libodb\libodb-2.3.0\odb\x64\release\query-dynamic.obj
e:\source\libodb\libodb-2.3.0\odb\x64\release\prepared-query.obj
e:\source\libodb\libodb-2.3.0\odb\x64\release\lazy-ptr-impl.obj
e:\source\libodb\libodb-2.3.0\odb\x64\release\connection.obj
e:\source\libodb\libodb-2.3.0\odb\x64\release\vector-impl.obj
e:\source\libodb\libodb-2.3.0\odb\x64\release\database.obj
e:\source\libodb\libodb-2.3.0\odb\x64\release\exceptions.obj
e:\source\libodb\libodb-2.3.0\odb\x64\release\callback.obj
e:\source\libodb\libodb-2.3.0\odb\x64\release\details\mutex.obj
e:\source\libodb\libodb-2.3.0\odb\x64\release\details\lock.obj
e:\source\libodb\libodb-2.3.0\odb\x64\release\details\condition.obj
e:\source\libodb\libodb-2.3.0\odb\x64\release\details\buffer.obj
e:\source\libodb\libodb-2.3.0\odb\x64\release\details\shared-ptr\base.obj
e:\source\libodb\libodb-2.3.0\odb\x64\release\details\win32\dll.obj
e:\source\libodb\libodb-2.3.0\odb\x64\release\details\win32\exceptions.obj
e:\source\libodb\libodb-2.3.0\odb\x64\release\details\win32\thread.obj
e:\source\libodb\libodb-2.3.0\odb\x64\release\details\win32\condition.obj
e:\source\libodb\libodb-2.3.0\odb\x64\release\details\win32\tls.obj
e:\source\libodb\libodb-2.3.0\odb\x64\release\details\win32\once.obj
e:\source\libodb\libodb-2.3.0\odb\x64\release\details\win32\init.obj
e:\source\libodb\libodb-2.3.0\lib64\odb.lib
e:\source\libodb\libodb-2.3.0\lib64\odb.exp
e:\source\libodb\libodb-2.3.0\bin64\odb-2.3-vc11.dll
e:\source\libodb\libodb-2.3.0\bin64\odb-2.3-vc11.pdb
e:\source\libodb\libodb-2.3.0\odb\..\bin64\odb-2.3-vc11.dll
e:\source\libodb\libodb-2.3.0\odb\x64\release\libodb-vc11.tlog\cl.command.1.tlog
e:\source\libodb\libodb-2.3.0\odb\x64\release\libodb-vc11.tlog\cl.read.1.tlog
e:\source\libodb\libodb-2.3.0\odb\x64\release\libodb-vc11.tlog\cl.write.1.tlog
e:\source\libodb\libodb-2.3.0\odb\x64\release\libodb-vc11.tlog\libodb-vc11.write.1u.tlog
e:\source\libodb\libodb-2.3.0\odb\x64\release\libodb-vc11.tlog\link.command.1.tlog
e:\source\libodb\libodb-2.3.0\odb\x64\release\libodb-vc11.tlog\link.read.1.tlog
e:\source\libodb\libodb-2.3.0\odb\x64\release\libodb-vc11.tlog\link.write.1.tlog
