e:\source\libodb\libodb-mysql-2.3.0\odb\mysql\x64\release\vc120.pdb
e:\source\libodb\libodb-mysql-2.3.0\odb\mysql\x64\release\transaction-impl.obj
e:\source\libodb\libodb-mysql-2.3.0\odb\mysql\x64\release\transaction.obj
e:\source\libodb\libodb-mysql-2.3.0\odb\mysql\x64\release\traits.obj
e:\source\libodb\libodb-mysql-2.3.0\odb\mysql\x64\release\tracer.obj
e:\source\libodb\libodb-mysql-2.3.0\odb\mysql\x64\release\statements-base.obj
e:\source\libodb\libodb-mysql-2.3.0\odb\mysql\x64\release\statement.obj
e:\source\libodb\libodb-mysql-2.3.0\odb\mysql\x64\release\simple-object-statements.obj
e:\source\libodb\libodb-mysql-2.3.0\odb\mysql\x64\release\query-const-expr.obj
e:\source\libodb\libodb-mysql-2.3.0\odb\mysql\x64\release\query-dynamic.obj
e:\source\libodb\libodb-mysql-2.3.0\odb\mysql\x64\release\query.obj
e:\source\libodb\libodb-mysql-2.3.0\odb\mysql\x64\release\prepared-query.obj
e:\source\libodb\libodb-mysql-2.3.0\odb\mysql\x64\release\exceptions.obj
e:\source\libodb\libodb-mysql-2.3.0\odb\mysql\x64\release\error.obj
e:\source\libodb\libodb-mysql-2.3.0\odb\mysql\x64\release\enum.obj
e:\source\libodb\libodb-mysql-2.3.0\odb\mysql\x64\release\database.obj
e:\source\libodb\libodb-mysql-2.3.0\odb\mysql\x64\release\connection-factory.obj
e:\source\libodb\libodb-mysql-2.3.0\odb\mysql\x64\release\connection.obj
e:\source\libodb\libodb-mysql-2.3.0\odb\mysql\x64\release\details\options.obj
e:\source\libodb\libodb-mysql-2.3.0\lib64\odb-mysql.lib
e:\source\libodb\libodb-mysql-2.3.0\lib64\odb-mysql.exp
e:\source\libodb\libodb-mysql-2.3.0\bin64\odb-mysql-2.3-vc11.dll
e:\source\libodb\libodb-mysql-2.3.0\bin64\odb-mysql-2.3-vc11.pdb
e:\source\libodb\libodb-mysql-2.3.0\odb\mysql\..\..\bin64\odb-mysql-2.3-vc11.dll
e:\source\libodb\libodb-mysql-2.3.0\odb\mysql\x64\release\libodb-m.95cdd546.tlog\cl.command.1.tlog
e:\source\libodb\libodb-mysql-2.3.0\odb\mysql\x64\release\libodb-m.95cdd546.tlog\cl.read.1.tlog
e:\source\libodb\libodb-mysql-2.3.0\odb\mysql\x64\release\libodb-m.95cdd546.tlog\cl.write.1.tlog
e:\source\libodb\libodb-mysql-2.3.0\odb\mysql\x64\release\libodb-m.95cdd546.tlog\libodb-mysql-vc11.write.1u.tlog
e:\source\libodb\libodb-mysql-2.3.0\odb\mysql\x64\release\libodb-m.95cdd546.tlog\link.command.1.tlog
e:\source\libodb\libodb-mysql-2.3.0\odb\mysql\x64\release\libodb-m.95cdd546.tlog\link.read.1.tlog
e:\source\libodb\libodb-mysql-2.3.0\odb\mysql\x64\release\libodb-m.95cdd546.tlog\link.write.1.tlog
