e:\source\libodb\libodb-mysql-2.3.0\odb\mysql\debug\vc120.pdb
e:\source\libodb\libodb-mysql-2.3.0\odb\mysql\debug\vc120.idb
e:\source\libodb\libodb-mysql-2.3.0\odb\mysql\debug\connection.obj
e:\source\libodb\libodb-mysql-2.3.0\odb\mysql\debug\connection-factory.obj
e:\source\libodb\libodb-mysql-2.3.0\odb\mysql\debug\database.obj
e:\source\libodb\libodb-mysql-2.3.0\odb\mysql\debug\enum.obj
e:\source\libodb\libodb-mysql-2.3.0\odb\mysql\debug\error.obj
e:\source\libodb\libodb-mysql-2.3.0\odb\mysql\debug\exceptions.obj
e:\source\libodb\libodb-mysql-2.3.0\odb\mysql\debug\prepared-query.obj
e:\source\libodb\libodb-mysql-2.3.0\odb\mysql\debug\query.obj
e:\source\libodb\libodb-mysql-2.3.0\odb\mysql\debug\query-dynamic.obj
e:\source\libodb\libodb-mysql-2.3.0\odb\mysql\debug\query-const-expr.obj
e:\source\libodb\libodb-mysql-2.3.0\odb\mysql\debug\simple-object-statements.obj
e:\source\libodb\libodb-mysql-2.3.0\odb\mysql\debug\statement.obj
e:\source\libodb\libodb-mysql-2.3.0\odb\mysql\debug\statements-base.obj
e:\source\libodb\libodb-mysql-2.3.0\odb\mysql\debug\tracer.obj
e:\source\libodb\libodb-mysql-2.3.0\odb\mysql\debug\traits.obj
e:\source\libodb\libodb-mysql-2.3.0\odb\mysql\debug\transaction.obj
e:\source\libodb\libodb-mysql-2.3.0\odb\mysql\debug\transaction-impl.obj
e:\source\libodb\libodb-mysql-2.3.0\odb\mysql\debug\details\options.obj
e:\source\libodb\libodb-mysql-2.3.0\odb\mysql\debug\libodb-m.95cdd546.tlog\cl.command.1.tlog
e:\source\libodb\libodb-mysql-2.3.0\odb\mysql\debug\libodb-m.95cdd546.tlog\cl.read.1.tlog
e:\source\libodb\libodb-mysql-2.3.0\odb\mysql\debug\libodb-m.95cdd546.tlog\cl.write.1.tlog
e:\source\libodb\libodb-mysql-2.3.0\odb\mysql\debug\libodb-m.95cdd546.tlog\link-cvtres.read.1.tlog
e:\source\libodb\libodb-mysql-2.3.0\odb\mysql\debug\libodb-m.95cdd546.tlog\link-cvtres.write.1.tlog
e:\source\libodb\libodb-mysql-2.3.0\odb\mysql\debug\libodb-m.95cdd546.tlog\link-rc.read.1.tlog
e:\source\libodb\libodb-mysql-2.3.0\odb\mysql\debug\libodb-m.95cdd546.tlog\link-rc.write.1.tlog
e:\source\libodb\libodb-mysql-2.3.0\odb\mysql\debug\libodb-m.95cdd546.tlog\link.command.1.tlog
e:\source\libodb\libodb-mysql-2.3.0\odb\mysql\debug\libodb-m.95cdd546.tlog\link.read.1.tlog
e:\source\libodb\libodb-mysql-2.3.0\odb\mysql\debug\libodb-m.95cdd546.tlog\link.write.1.tlog
